<?xml version="1.0" encoding="UTF-8"?>
<!-- Generated by org.testng.reporters.JUnitXMLReporter -->
<testsuite hostname="LAPTOP-3RN7TLQT" ignored="0" name="Test" tests="6" failures="0" timestamp="2020-07-30T12:28:59 IST" time="0.194" errors="0">
  <testcase name="browserAutomation" time="0.031" classname="qaclickacademy.Mavanproject.SeleniumTest"/>
  <testcase name="elementUI" time="0.0" classname="qaclickacademy.Mavanproject.SeleniumTest"/>
  <testcase name="deleteTwitter" time="0.003" classname="qaclickacademy.Mavanproject.RestAPITest"/>
  <testcase name="postJira" time="0.003" classname="qaclickacademy.Mavanproject.RestAPITest"/>
  <testcase name="iosApps" time="0.01" classname="qaclickacademy.Mavanproject.AppiumTest"/>
  <testcase name="nativeAppAndroid" time="0.019" classname="qaclickacademy.Mavanproject.AppiumTest"/>
</testsuite> <!-- Test -->
