<?xml version="1.0" encoding="UTF-8"?>
<!-- Generated by org.testng.reporters.JUnitXMLReporter -->
<testsuite hostname="LAPTOP-3RN7TLQT" ignored="0" name="Command line test" tests="6" failures="0" timestamp="2020-08-01T11:01:06 IST" time="0.118" errors="0">
  <testcase name="iosApps" time="0.008" classname="qaclickacademy.Mavanproject.AppiumTest"/>
  <testcase name="nativeAppAndroid" time="0.0" classname="qaclickacademy.Mavanproject.AppiumTest"/>
  <testcase name="deleteTwitter" time="0.002" classname="qaclickacademy.Mavanproject.RestAPITest"/>
  <testcase name="postJira" time="0.001" classname="qaclickacademy.Mavanproject.RestAPITest"/>
  <testcase name="browserAutomation" time="0.0" classname="qaclickacademy.Mavanproject.SeleniumTest"/>
  <testcase name="elementUI" time="0.0" classname="qaclickacademy.Mavanproject.SeleniumTest"/>
</testsuite> <!-- Command line test -->
