<?xml version="1.0" encoding="UTF-8"?>
<!-- Generated by org.testng.reporters.JUnitXMLReporter -->
<testsuite hostname="LAPTOP-3RN7TLQT" ignored="0" name="Test" tests="4" failures="0" timestamp="2020-08-01T10:57:33 IST" time="0.073" errors="0">
  <testcase name="browserAutomation" time="0.008" classname="qaclickacademy.Mavanproject.SeleniumTest"/>
  <testcase name="elementUI" time="0.0" classname="qaclickacademy.Mavanproject.SeleniumTest"/>
  <testcase name="deleteTwitter" time="0.0" classname="qaclickacademy.Mavanproject.RestAPITest"/>
  <testcase name="postJira" time="0.001" classname="qaclickacademy.Mavanproject.RestAPITest"/>
</testsuite> <!-- Test -->
