<?xml version="1.0" encoding="UTF-8"?>
<!-- Generated by org.testng.reporters.JUnitXMLReporter -->
<testsuite hostname="LAPTOP-3RN7TLQT" ignored="0" name="Command line test" tests="2" failures="0" timestamp="2020-08-01T10:45:40 IST" time="0.081" errors="0">
  <testcase name="browserAutomation" time="0.009" classname="qaclickacademy.Mavanproject.SeleniumTest"/>
  <testcase name="elementUI" time="0.001" classname="qaclickacademy.Mavanproject.SeleniumTest"/>
</testsuite> <!-- Command line test -->
